# JRE version: OpenJDK Runtime Environment (8.0_202-b03) (build 1.8.0_202-release-1483-b03)
# Java VM: OpenJDK 64-Bit Server VM (25.202-b03 mixed mode windows-amd64 compressed oops)
Heap:
 PSYoungGen      total 52736K, used 37995K [0x00000000e0000000, 0x00000000e3880000, 0x0000000100000000)
  eden space 47616K, 79% used [0x00000000e0000000,0x00000000e251af20,0x00000000e2e80000)
  from space 5120K, 0% used [0x00000000e3380000,0x00000000e3380000,0x00000000e3880000)
  to   space 5120K, 0% used [0x00000000e2e80000,0x00000000e2e80000,0x00000000e3380000)
 ParOldGen       total 32768K, used 10313K [0x00000000a0000000, 0x00000000a2000000, 0x00000000e0000000)
  object space 32768K, 31% used [0x00000000a0000000,0x00000000a0a12520,0x00000000a2000000)
 Metaspace       used 26202K, capacity 26606K, committed 27008K, reserved 1073152K
  class space    used 3543K, capacity 3712K, committed 3712K, reserved 1048576K
GC Heap History (10 events):
Event: 26.046 GC heap before
{Heap before GC invocations=7 (full 0):
 PSYoungGen      total 19456K, used 18484K [0x00000000e0000000, 0x00000000e2600000, 0x0000000100000000)
  eden space 14848K, 100% used [0x00000000e0000000,0x00000000e0e80000,0x00000000e0e80000)
  from space 4608K, 78% used [0x00000000e1300000,0x00000000e168d1e8,0x00000000e1780000)
  to   space 4608K, 0% used [0x00000000e0e80000,0x00000000e0e80000,0x00000000e1300000)
 ParOldGen       total 38400K, used 5447K [0x00000000a0000000, 0x00000000a2580000, 0x00000000e0000000)
  object space 38400K, 14% used [0x00000000a0000000,0x00000000a0551d88,0x00000000a2580000)
 Metaspace       used 14059K, capacity 14464K, committed 14720K, reserved 1062912K
  class space    used 1951K, capacity 2084K, committed 2176K, reserved 1048576K
Event: 26.078 GC heap after
Heap after GC invocations=7 (full 0):
 PSYoungGen      total 19456K, used 3740K [0x00000000e0000000, 0x00000000e2600000, 0x0000000100000000)
  eden space 14848K, 0% used [0x00000000e0000000,0x00000000e0000000,0x00000000e0e80000)
  from space 4608K, 81% used [0x00000000e0e80000,0x00000000e12273e8,0x00000000e1300000)
  to   space 4608K, 0% used [0x00000000e2180000,0x00000000e2180000,0x00000000e2600000)
 ParOldGen       total 38400K, used 6303K [0x00000000a0000000, 0x00000000a2580000, 0x00000000e0000000)
  object space 38400K, 16% used [0x00000000a0000000,0x00000000a0627c68,0x00000000a2580000)
 Metaspace       used 14059K, capacity 14464K, committed 14720K, reserved 1062912K
  class space    used 1951K, capacity 2084K, committed 2176K, reserved 1048576K
}
Event: 26.874 GC heap before
{Heap before GC invocations=8 (full 0):
 PSYoungGen      total 19456K, used 18588K [0x00000000e0000000, 0x00000000e2600000, 0x0000000100000000)
  eden space 14848K, 100% used [0x00000000e0000000,0x00000000e0e80000,0x00000000e0e80000)
  from space 4608K, 81% used [0x00000000e0e80000,0x00000000e12273e8,0x00000000e1300000)
  to   space 4608K, 0% used [0x00000000e2180000,0x00000000e2180000,0x00000000e2600000)
 ParOldGen       total 38400K, used 6303K [0x00000000a0000000, 0x00000000a2580000, 0x00000000e0000000)
  object space 38400K, 16% used [0x00000000a0000000,0x00000000a0627c68,0x00000000a2580000)
 Metaspace       used 14869K, capacity 15280K, committed 15616K, reserved 1062912K
  class space    used 2104K, capacity 2254K, committed 2304K, reserved 1048576K
Event: 26.899 GC heap after
Heap after GC invocations=8 (full 0):
 PSYoungGen      total 34304K, used 2868K [0x00000000e0000000, 0x00000000e2600000, 0x0000000100000000)
  eden space 29696K, 0% used [0x00000000e0000000,0x00000000e0000000,0x00000000e1d00000)
  from space 4608K, 62% used [0x00000000e2180000,0x00000000e244d2b8,0x00000000e2600000)
  to   space 4608K, 0% used [0x00000000e1d00000,0x00000000e1d00000,0x00000000e2180000)
 ParOldGen       total 38400K, used 6967K [0x00000000a0000000, 0x00000000a2580000, 0x00000000e0000000)
  object space 38400K, 18% used [0x00000000a0000000,0x00000000a06cdc68,0x00000000a2580000)
 Metaspace       used 14869K, capacity 15280K, committed 15616K, reserved 1062912K
  class space    used 2104K, capacity 2254K, committed 2304K, reserved 1048576K
}
Event: 29.436 GC heap before
{Heap before GC invocations=9 (full 0):
 PSYoungGen      total 34304K, used 32564K [0x00000000e0000000, 0x00000000e2600000, 0x0000000100000000)
  eden space 29696K, 100% used [0x00000000e0000000,0x00000000e1d00000,0x00000000e1d00000)
  from space 4608K, 62% used [0x00000000e2180000,0x00000000e244d2b8,0x00000000e2600000)
  to   space 4608K, 0% used [0x00000000e1d00000,0x00000000e1d00000,0x00000000e2180000)
 ParOldGen       total 38400K, used 6967K [0x00000000a0000000, 0x00000000a2580000, 0x00000000e0000000)
  object space 38400K, 18% used [0x00000000a0000000,0x00000000a06cdc68,0x00000000a2580000)
 Metaspace       used 17671K, capacity 18098K, committed 18432K, reserved 1064960K
  class space    used 2550K, capacity 2703K, committed 2816K, reserved 1048576K
Event: 29.469 GC heap after
Heap after GC invocations=9 (full 0):
 PSYoungGen      total 34304K, used 4356K [0x00000000e0000000, 0x00000000e3880000, 0x0000000100000000)
  eden space 29696K, 0% used [0x00000000e0000000,0x00000000e0000000,0x00000000e1d00000)
  from space 4608K, 94% used [0x00000000e1d00000,0x00000000e2141038,0x00000000e2180000)
  to   space 5120K, 0% used [0x00000000e3380000,0x00000000e3380000,0x00000000e3880000)
 ParOldGen       total 38400K, used 8047K [0x00000000a0000000, 0x00000000a2580000, 0x00000000e0000000)
  object space 38400K, 20% used [0x00000000a0000000,0x00000000a07dbcd8,0x00000000a2580000)
 Metaspace       used 17671K, capacity 18098K, committed 18432K, reserved 1064960K
  class space    used 2550K, capacity 2703K, committed 2816K, reserved 1048576K
}
Event: 32.001 GC heap before
{Heap before GC invocations=10 (full 0):
 PSYoungGen      total 34304K, used 29062K [0x00000000e0000000, 0x00000000e3880000, 0x0000000100000000)
  eden space 29696K, 83% used [0x00000000e0000000,0x00000000e18208b0,0x00000000e1d00000)
  from space 4608K, 94% used [0x00000000e1d00000,0x00000000e2141038,0x00000000e2180000)
  to   space 5120K, 0% used [0x00000000e3380000,0x00000000e3380000,0x00000000e3880000)
 ParOldGen       total 38400K, used 8047K [0x00000000a0000000, 0x00000000a2580000, 0x00000000e0000000)
  object space 38400K, 20% used [0x00000000a0000000,0x00000000a07dbcd8,0x00000000a2580000)
 Metaspace       used 20738K, capacity 21116K, committed 21248K, reserved 1067008K
  class space    used 2921K, capacity 3062K, committed 3072K, reserved 1048576K
Event: 32.025 GC heap after
Heap after GC invocations=10 (full 0):
 PSYoungGen      total 52736K, used 4610K [0x00000000e0000000, 0x00000000e3880000, 0x0000000100000000)
  eden space 47616K, 0% used [0x00000000e0000000,0x00000000e0000000,0x00000000e2e80000)
  from space 5120K, 90% used [0x00000000e3380000,0x00000000e3800940,0x00000000e3880000)
  to   space 5120K, 0% used [0x00000000e2e80000,0x00000000e2e80000,0x00000000e3380000)
 ParOldGen       total 38400K, used 8766K [0x00000000a0000000, 0x00000000a2580000, 0x00000000e0000000)
  object space 38400K, 22% used [0x00000000a0000000,0x00000000a088f9f8,0x00000000a2580000)
 Metaspace       used 20738K, capacity 21116K, committed 21248K, reserved 1067008K
  class space    used 2921K, capacity 3062K, committed 3072K, reserved 1048576K
}
Event: 32.025 GC heap before
{Heap before GC invocations=11 (full 1):
 PSYoungGen      total 52736K, used 4610K [0x00000000e0000000, 0x00000000e3880000, 0x0000000100000000)
  eden space 47616K, 0% used [0x00000000e0000000,0x00000000e0000000,0x00000000e2e80000)
  from space 5120K, 90% used [0x00000000e3380000,0x00000000e3800940,0x00000000e3880000)
  to   space 5120K, 0% used [0x00000000e2e80000,0x00000000e2e80000,0x00000000e3380000)
 ParOldGen       total 38400K, used 8766K [0x00000000a0000000, 0x00000000a2580000, 0x00000000e0000000)
  object space 38400K, 22% used [0x00000000a0000000,0x00000000a088f9f8,0x00000000a2580000)
 Metaspace       used 20738K, capacity 21116K, committed 21248K, reserved 1067008K
  class space    used 2921K, capacity 3062K, committed 3072K, reserved 1048576K
Event: 32.308 GC heap after
Heap after GC invocations=11 (full 1):
 PSYoungGen      total 52736K, used 0K [0x00000000e0000000, 0x00000000e3880000, 0x0000000100000000)
  eden space 47616K, 0% used [0x00000000e0000000,0x00000000e0000000,0x00000000e2e80000)
  from space 5120K, 0% used [0x00000000e3380000,0x00000000e3380000,0x00000000e3880000)
  to   space 5120K, 0% used [0x00000000e2e80000,0x00000000e2e80000,0x00000000e3380000)
 ParOldGen       total 32768K, used 10313K [0x00000000a0000000, 0x00000000a2000000, 0x00000000e0000000)
  object space 32768K, 31% used [0x00000000a0000000,0x00000000a0a12520,0x00000000a2000000)
 Metaspace       used 20738K, capacity 21116K, committed 21248K, reserved 1067008K
  class space    used 2921K, capacity 3062K, committed 3072K, reserved 1048576K
}

